Symlinking /home/hayashi/worksp/camera_ws/devel/share/tomato_detection/cmake/tomato_detection-msg-paths.cmake
Symlinking /home/hayashi/worksp/camera_ws/devel/share/tomato_detection/cmake/tomato_detectionConfig.cmake
Symlinking /home/hayashi/worksp/camera_ws/devel/share/tomato_detection/cmake/tomato_detectionConfig-version.cmake
Symlinking /home/hayashi/worksp/camera_ws/devel/share/tomato_detection/cmake/tomato_detection-msg-extras.cmake
Symlinking /home/hayashi/worksp/camera_ws/devel/share/gennodejs/ros/tomato_detection/_index.js
Symlinking /home/hayashi/worksp/camera_ws/devel/share/gennodejs/ros/tomato_detection/srv/SelectTomato.js
Symlinking /home/hayashi/worksp/camera_ws/devel/share/gennodejs/ros/tomato_detection/srv/_index.js
Symlinking /home/hayashi/worksp/camera_ws/devel/share/gennodejs/ros/tomato_detection/srv/switch_cam.js
Symlinking /home/hayashi/worksp/camera_ws/devel/share/common-lisp/ros/tomato_detection/srv/_package_SelectTomato.lisp
Symlinking /home/hayashi/worksp/camera_ws/devel/share/common-lisp/ros/tomato_detection/srv/_package.lisp
Symlinking /home/hayashi/worksp/camera_ws/devel/share/common-lisp/ros/tomato_detection/srv/SelectTomato.lisp
Symlinking /home/hayashi/worksp/camera_ws/devel/share/common-lisp/ros/tomato_detection/srv/tomato_detection-srv.asd
Symlinking /home/hayashi/worksp/camera_ws/devel/share/common-lisp/ros/tomato_detection/srv/_package_switch_cam.lisp
Symlinking /home/hayashi/worksp/camera_ws/devel/share/common-lisp/ros/tomato_detection/srv/switch_cam.lisp
Symlinking /home/hayashi/worksp/camera_ws/devel/share/roseus/ros/tomato_detection/manifest.l
Symlinking /home/hayashi/worksp/camera_ws/devel/share/roseus/ros/tomato_detection/srv/switch_cam.l
Symlinking /home/hayashi/worksp/camera_ws/devel/share/roseus/ros/tomato_detection/srv/SelectTomato.l
Symlinking /home/hayashi/worksp/camera_ws/devel/lib/pkgconfig/tomato_detection.pc
Symlinking /home/hayashi/worksp/camera_ws/devel/lib/python3/dist-packages/tomato_detection/__init__.py
Symlinking /home/hayashi/worksp/camera_ws/devel/lib/python3/dist-packages/tomato_detection/srv/_SelectTomato.py
Symlinking /home/hayashi/worksp/camera_ws/devel/lib/python3/dist-packages/tomato_detection/srv/__init__.py
Symlinking /home/hayashi/worksp/camera_ws/devel/lib/python3/dist-packages/tomato_detection/srv/_switch_cam.py
Symlinking /home/hayashi/worksp/camera_ws/devel/include/tomato_detection/switch_camResponse.h
Symlinking /home/hayashi/worksp/camera_ws/devel/include/tomato_detection/SelectTomatoResponse.h
Symlinking /home/hayashi/worksp/camera_ws/devel/include/tomato_detection/switch_camRequest.h
Symlinking /home/hayashi/worksp/camera_ws/devel/include/tomato_detection/switch_cam.h
Symlinking /home/hayashi/worksp/camera_ws/devel/include/tomato_detection/SelectTomatoRequest.h
Symlinking /home/hayashi/worksp/camera_ws/devel/include/tomato_detection/SelectTomato.h
