[35m[1mScanning dependencies of target std_msgs_generate_messages_cpp[0m
[35m[1mScanning dependencies of target _tomato_detection_generate_messages_check_deps_SelectTomato[0m
[35m[1mScanning dependencies of target _tomato_detection_generate_messages_check_deps_switch_cam[0m
[35m[1mScanning dependencies of target std_msgs_generate_messages_py[0m
[35m[1mScanning dependencies of target std_msgs_generate_messages_lisp[0m
[35m[1mScanning dependencies of target std_msgs_generate_messages_nodejs[0m
[35m[1mScanning dependencies of target std_msgs_generate_messages_eus[0m
[  0%] Built target std_msgs_generate_messages_cpp
[  0%] Built target std_msgs_generate_messages_lisp
[  0%] Built target std_msgs_generate_messages_py
[  0%] Built target std_msgs_generate_messages_nodejs
[  0%] Built target std_msgs_generate_messages_eus
[  0%] Built target _tomato_detection_generate_messages_check_deps_switch_cam
[  0%] Built target _tomato_detection_generate_messages_check_deps_SelectTomato
[35m[1mScanning dependencies of target tomato_detection_generate_messages_cpp[0m
[35m[1mScanning dependencies of target tomato_detection_generate_messages_nodejs[0m
[35m[1mScanning dependencies of target tomato_detection_generate_messages_eus[0m
[35m[1mScanning dependencies of target tomato_detection_generate_messages_lisp[0m
[35m[1mScanning dependencies of target tomato_detection_generate_messages_py[0m
[  8%] [34m[1mGenerating Javascript code from tomato_detection/switch_cam.srv[0m
[ 33%] [34m[1mGenerating Lisp code from tomato_detection/SelectTomato.srv[0m
[ 33%] [34m[1mGenerating Javascript code from tomato_detection/SelectTomato.srv[0m
[ 33%] [34m[1mGenerating Lisp code from tomato_detection/switch_cam.srv[0m
[ 50%] [34m[1mGenerating EusLisp code from tomato_detection/switch_cam.srv[0m
[ 41%] [34m[1mGenerating EusLisp code from tomato_detection/SelectTomato.srv[0m
[ 58%] [34m[1mGenerating C++ code from tomato_detection/SelectTomato.srv[0m
[ 75%] [34m[1mGenerating Python code from SRV tomato_detection/SelectTomato[0m
[ 75%] [34m[1mGenerating C++ code from tomato_detection/switch_cam.srv[0m
[ 83%] [34m[1mGenerating Python code from SRV tomato_detection/switch_cam[0m
[ 91%] [34m[1mGenerating EusLisp manifest code for tomato_detection[0m
[ 91%] Built target tomato_detection_generate_messages_nodejs
[ 91%] Built target tomato_detection_generate_messages_lisp
[100%] [34m[1mGenerating Python srv __init__.py for tomato_detection[0m
[100%] Built target tomato_detection_generate_messages_cpp
[100%] Built target tomato_detection_generate_messages_py
[100%] Built target tomato_detection_generate_messages_eus
[35m[1mScanning dependencies of target tomato_detection_generate_messages[0m
[100%] Built target tomato_detection_generate_messages
