Symlinking /home/hayashi/worksp/camera_ws/devel/share/gennodejs/ros/custom_msgs/_index.js
Symlinking /home/hayashi/worksp/camera_ws/devel/share/gennodejs/ros/custom_msgs/srv/GetObject.js
Symlinking /home/hayashi/worksp/camera_ws/devel/share/gennodejs/ros/custom_msgs/srv/_index.js
Symlinking /home/hayashi/worksp/camera_ws/devel/share/gennodejs/ros/custom_msgs/srv/AddTwoInts.js
Symlinking /home/hayashi/worksp/camera_ws/devel/share/custom_msgs/cmake/custom_msgs-msg-paths.cmake
Symlinking /home/hayashi/worksp/camera_ws/devel/share/custom_msgs/cmake/custom_msgsConfig-version.cmake
Symlinking /home/hayashi/worksp/camera_ws/devel/share/custom_msgs/cmake/custom_msgsConfig.cmake
Symlinking /home/hayashi/worksp/camera_ws/devel/share/custom_msgs/cmake/custom_msgs-msg-extras.cmake
Symlinking /home/hayashi/worksp/camera_ws/devel/share/common-lisp/ros/custom_msgs/srv/GetObject.lisp
Symlinking /home/hayashi/worksp/camera_ws/devel/share/common-lisp/ros/custom_msgs/srv/_package_AddTwoInts.lisp
Symlinking /home/hayashi/worksp/camera_ws/devel/share/common-lisp/ros/custom_msgs/srv/_package.lisp
Symlinking /home/hayashi/worksp/camera_ws/devel/share/common-lisp/ros/custom_msgs/srv/_package_GetObject.lisp
Symlinking /home/hayashi/worksp/camera_ws/devel/share/common-lisp/ros/custom_msgs/srv/custom_msgs-srv.asd
Symlinking /home/hayashi/worksp/camera_ws/devel/share/common-lisp/ros/custom_msgs/srv/AddTwoInts.lisp
Symlinking /home/hayashi/worksp/camera_ws/devel/share/roseus/ros/custom_msgs/manifest.l
Symlinking /home/hayashi/worksp/camera_ws/devel/share/roseus/ros/custom_msgs/srv/AddTwoInts.l
Symlinking /home/hayashi/worksp/camera_ws/devel/share/roseus/ros/custom_msgs/srv/GetObject.l
Symlinking /home/hayashi/worksp/camera_ws/devel/lib/pkgconfig/custom_msgs.pc
Symlinking /home/hayashi/worksp/camera_ws/devel/lib/python3/dist-packages/custom_msgs/__init__.py
Symlinking /home/hayashi/worksp/camera_ws/devel/lib/python3/dist-packages/custom_msgs/srv/__init__.py
Symlinking /home/hayashi/worksp/camera_ws/devel/lib/python3/dist-packages/custom_msgs/srv/_AddTwoInts.py
Symlinking /home/hayashi/worksp/camera_ws/devel/lib/python3/dist-packages/custom_msgs/srv/_GetObject.py
Symlinking /home/hayashi/worksp/camera_ws/devel/include/custom_msgs/AddTwoIntsRequest.h
Symlinking /home/hayashi/worksp/camera_ws/devel/include/custom_msgs/GetObject.h
Symlinking /home/hayashi/worksp/camera_ws/devel/include/custom_msgs/AddTwoInts.h
Symlinking /home/hayashi/worksp/camera_ws/devel/include/custom_msgs/AddTwoIntsResponse.h
Symlinking /home/hayashi/worksp/camera_ws/devel/include/custom_msgs/GetObjectRequest.h
Symlinking /home/hayashi/worksp/camera_ws/devel/include/custom_msgs/GetObjectResponse.h
