Linked: (/home/hayashi/worksp/camera_ws/devel/.private/custom_msgs/share/gennodejs/ros/custom_msgs/_index.js, /home/hayashi/worksp/camera_ws/devel/share/gennodejs/ros/custom_msgs/_index.js)
Linked: (/home/hayashi/worksp/camera_ws/devel/.private/custom_msgs/share/gennodejs/ros/custom_msgs/srv/GetObject.js, /home/hayashi/worksp/camera_ws/devel/share/gennodejs/ros/custom_msgs/srv/GetObject.js)
Linked: (/home/hayashi/worksp/camera_ws/devel/.private/custom_msgs/share/gennodejs/ros/custom_msgs/srv/_index.js, /home/hayashi/worksp/camera_ws/devel/share/gennodejs/ros/custom_msgs/srv/_index.js)
Linked: (/home/hayashi/worksp/camera_ws/devel/.private/custom_msgs/share/gennodejs/ros/custom_msgs/srv/AddTwoInts.js, /home/hayashi/worksp/camera_ws/devel/share/gennodejs/ros/custom_msgs/srv/AddTwoInts.js)
Linked: (/home/hayashi/worksp/camera_ws/devel/.private/custom_msgs/share/custom_msgs/cmake/custom_msgs-msg-paths.cmake, /home/hayashi/worksp/camera_ws/devel/share/custom_msgs/cmake/custom_msgs-msg-paths.cmake)
Linked: (/home/hayashi/worksp/camera_ws/devel/.private/custom_msgs/share/custom_msgs/cmake/custom_msgsConfig-version.cmake, /home/hayashi/worksp/camera_ws/devel/share/custom_msgs/cmake/custom_msgsConfig-version.cmake)
Linked: (/home/hayashi/worksp/camera_ws/devel/.private/custom_msgs/share/custom_msgs/cmake/custom_msgsConfig.cmake, /home/hayashi/worksp/camera_ws/devel/share/custom_msgs/cmake/custom_msgsConfig.cmake)
Linked: (/home/hayashi/worksp/camera_ws/devel/.private/custom_msgs/share/custom_msgs/cmake/custom_msgs-msg-extras.cmake, /home/hayashi/worksp/camera_ws/devel/share/custom_msgs/cmake/custom_msgs-msg-extras.cmake)
Linked: (/home/hayashi/worksp/camera_ws/devel/.private/custom_msgs/share/common-lisp/ros/custom_msgs/srv/GetObject.lisp, /home/hayashi/worksp/camera_ws/devel/share/common-lisp/ros/custom_msgs/srv/GetObject.lisp)
Linked: (/home/hayashi/worksp/camera_ws/devel/.private/custom_msgs/share/common-lisp/ros/custom_msgs/srv/_package_AddTwoInts.lisp, /home/hayashi/worksp/camera_ws/devel/share/common-lisp/ros/custom_msgs/srv/_package_AddTwoInts.lisp)
Linked: (/home/hayashi/worksp/camera_ws/devel/.private/custom_msgs/share/common-lisp/ros/custom_msgs/srv/_package.lisp, /home/hayashi/worksp/camera_ws/devel/share/common-lisp/ros/custom_msgs/srv/_package.lisp)
Linked: (/home/hayashi/worksp/camera_ws/devel/.private/custom_msgs/share/common-lisp/ros/custom_msgs/srv/_package_GetObject.lisp, /home/hayashi/worksp/camera_ws/devel/share/common-lisp/ros/custom_msgs/srv/_package_GetObject.lisp)
Linked: (/home/hayashi/worksp/camera_ws/devel/.private/custom_msgs/share/common-lisp/ros/custom_msgs/srv/custom_msgs-srv.asd, /home/hayashi/worksp/camera_ws/devel/share/common-lisp/ros/custom_msgs/srv/custom_msgs-srv.asd)
Linked: (/home/hayashi/worksp/camera_ws/devel/.private/custom_msgs/share/common-lisp/ros/custom_msgs/srv/AddTwoInts.lisp, /home/hayashi/worksp/camera_ws/devel/share/common-lisp/ros/custom_msgs/srv/AddTwoInts.lisp)
Linked: (/home/hayashi/worksp/camera_ws/devel/.private/custom_msgs/share/roseus/ros/custom_msgs/manifest.l, /home/hayashi/worksp/camera_ws/devel/share/roseus/ros/custom_msgs/manifest.l)
Linked: (/home/hayashi/worksp/camera_ws/devel/.private/custom_msgs/share/roseus/ros/custom_msgs/srv/AddTwoInts.l, /home/hayashi/worksp/camera_ws/devel/share/roseus/ros/custom_msgs/srv/AddTwoInts.l)
Linked: (/home/hayashi/worksp/camera_ws/devel/.private/custom_msgs/share/roseus/ros/custom_msgs/srv/GetObject.l, /home/hayashi/worksp/camera_ws/devel/share/roseus/ros/custom_msgs/srv/GetObject.l)
Linked: (/home/hayashi/worksp/camera_ws/devel/.private/custom_msgs/lib/pkgconfig/custom_msgs.pc, /home/hayashi/worksp/camera_ws/devel/lib/pkgconfig/custom_msgs.pc)
Linked: (/home/hayashi/worksp/camera_ws/devel/.private/custom_msgs/lib/python3/dist-packages/custom_msgs/__init__.py, /home/hayashi/worksp/camera_ws/devel/lib/python3/dist-packages/custom_msgs/__init__.py)
Linked: (/home/hayashi/worksp/camera_ws/devel/.private/custom_msgs/lib/python3/dist-packages/custom_msgs/srv/__init__.py, /home/hayashi/worksp/camera_ws/devel/lib/python3/dist-packages/custom_msgs/srv/__init__.py)
Linked: (/home/hayashi/worksp/camera_ws/devel/.private/custom_msgs/lib/python3/dist-packages/custom_msgs/srv/_AddTwoInts.py, /home/hayashi/worksp/camera_ws/devel/lib/python3/dist-packages/custom_msgs/srv/_AddTwoInts.py)
Linked: (/home/hayashi/worksp/camera_ws/devel/.private/custom_msgs/lib/python3/dist-packages/custom_msgs/srv/_GetObject.py, /home/hayashi/worksp/camera_ws/devel/lib/python3/dist-packages/custom_msgs/srv/_GetObject.py)
Linked: (/home/hayashi/worksp/camera_ws/devel/.private/custom_msgs/include/custom_msgs/AddTwoIntsRequest.h, /home/hayashi/worksp/camera_ws/devel/include/custom_msgs/AddTwoIntsRequest.h)
Linked: (/home/hayashi/worksp/camera_ws/devel/.private/custom_msgs/include/custom_msgs/GetObject.h, /home/hayashi/worksp/camera_ws/devel/include/custom_msgs/GetObject.h)
Linked: (/home/hayashi/worksp/camera_ws/devel/.private/custom_msgs/include/custom_msgs/AddTwoInts.h, /home/hayashi/worksp/camera_ws/devel/include/custom_msgs/AddTwoInts.h)
Linked: (/home/hayashi/worksp/camera_ws/devel/.private/custom_msgs/include/custom_msgs/AddTwoIntsResponse.h, /home/hayashi/worksp/camera_ws/devel/include/custom_msgs/AddTwoIntsResponse.h)
Linked: (/home/hayashi/worksp/camera_ws/devel/.private/custom_msgs/include/custom_msgs/GetObjectRequest.h, /home/hayashi/worksp/camera_ws/devel/include/custom_msgs/GetObjectRequest.h)
Linked: (/home/hayashi/worksp/camera_ws/devel/.private/custom_msgs/include/custom_msgs/GetObjectResponse.h, /home/hayashi/worksp/camera_ws/devel/include/custom_msgs/GetObjectResponse.h)
