[35m[1mScanning dependencies of target std_msgs_generate_messages_eus[0m
[35m[1mScanning dependencies of target _custom_msgs_generate_messages_check_deps_GetObject[0m
[35m[1mScanning dependencies of target std_msgs_generate_messages_lisp[0m
[35m[1mScanning dependencies of target _custom_msgs_generate_messages_check_deps_AddTwoInts[0m
[35m[1mScanning dependencies of target std_msgs_generate_messages_nodejs[0m
[35m[1mScanning dependencies of target std_msgs_generate_messages_py[0m
[35m[1mScanning dependencies of target std_msgs_generate_messages_cpp[0m
[  0%] Built target std_msgs_generate_messages_lisp
[  0%] Built target std_msgs_generate_messages_eus
[  0%] Built target std_msgs_generate_messages_cpp
[  0%] Built target std_msgs_generate_messages_nodejs
[  0%] Built target std_msgs_generate_messages_py
[  0%] Built target _custom_msgs_generate_messages_check_deps_AddTwoInts
[  0%] Built target _custom_msgs_generate_messages_check_deps_GetObject
[35m[1mScanning dependencies of target custom_msgs_generate_messages_cpp[0m
[35m[1mScanning dependencies of target custom_msgs_generate_messages_lisp[0m
[35m[1mScanning dependencies of target custom_msgs_generate_messages_eus[0m
[35m[1mScanning dependencies of target custom_msgs_generate_messages_nodejs[0m
[35m[1mScanning dependencies of target custom_msgs_generate_messages_py[0m
[  8%] [34m[1mGenerating Lisp code from custom_msgs/GetObject.srv[0m
[ 58%] [34m[1mGenerating EusLisp code from custom_msgs/AddTwoInts.srv[0m
[ 58%] [34m[1mGenerating EusLisp code from custom_msgs/GetObject.srv[0m
[ 58%] [34m[1mGenerating C++ code from custom_msgs/GetObject.srv[0m
[ 58%] [34m[1mGenerating Javascript code from custom_msgs/GetObject.srv[0m
[ 66%] [34m[1mGenerating Javascript code from custom_msgs/AddTwoInts.srv[0m
[ 66%] [34m[1mGenerating C++ code from custom_msgs/AddTwoInts.srv[0m
[ 58%] [34m[1mGenerating EusLisp manifest code for custom_msgs[0m
[ 75%] [34m[1mGenerating Lisp code from custom_msgs/AddTwoInts.srv[0m
[ 83%] [34m[1mGenerating Python code from SRV custom_msgs/AddTwoInts[0m
[ 91%] [34m[1mGenerating Python code from SRV custom_msgs/GetObject[0m
[ 91%] Built target custom_msgs_generate_messages_lisp
[ 91%] Built target custom_msgs_generate_messages_nodejs
[ 91%] Built target custom_msgs_generate_messages_cpp
[100%] [34m[1mGenerating Python srv __init__.py for custom_msgs[0m
[100%] Built target custom_msgs_generate_messages_py
[100%] Built target custom_msgs_generate_messages_eus
[35m[1mScanning dependencies of target custom_msgs_generate_messages[0m
[100%] Built target custom_msgs_generate_messages
